[22:42:26] [main/INFO] [LaunchWrapper]: Loading tweak class name net.minecraftforge.fml.common.launcher.FMLServerTweaker
[22:42:26] [main/INFO] [LaunchWrapper]: Using primary tweak class name net.minecraftforge.fml.common.launcher.FMLServerTweaker
[22:42:26] [main/INFO] [LaunchWrapper]: Calling tweak class net.minecraftforge.fml.common.launcher.FMLServerTweaker
[22:42:26] [main/INFO] [FML]: Forge Mod Loader version 14.23.5.2859 for Minecraft 1.12.2 loading
[22:42:26] [main/INFO] [FML]: Java is OpenJDK 64-Bit Server VM, version 1.8.0_462, running on Linux:amd64:6.8.0-1030-azure, installed at /usr/lib/jvm/java-8-openjdk-amd64/jre
[22:42:26] [main/INFO] [FML]: Searching /workspaces/pappuando/servidor_minecraft/./mods for mods
[22:42:26] [main/WARN] [FML]: The coremod org.minimallycorrect.libloader.LibLoader does not have a MCVersion annotation, it may cause issues with this version of Minecraft
[22:42:26] [main/WARN] [FML]: The coremod LibLoader (org.minimallycorrect.libloader.LibLoader) is not signed!
[22:42:26] [ForkJoinPool.commonPool-worker-2/INFO] [LibLoader]: Downloading library me.nallar.whocalled.WhoCalled-1.1 from https://jcenter.bintray.com/me/nallar/whocalled/WhoCalled/1.1/WhoCalled-1.1.jar. Expected hash: 6d4275e1b41ba7ce297ccb00db0afda0e5add3e07aea80220550d11a90d9a1fe01340d3f44c7d9fe67f463c96a0a6df233a28df882515bb05834868cdcdbc04f
[22:42:26] [ForkJoinPool.commonPool-worker-1/INFO] [LibLoader]: Downloading library org.minimallycorrect.javatransformer.JavaTransformer-1.8.3 from https://jcenter.bintray.com/org/minimallycorrect/javatransformer/JavaTransformer/1.8.3/JavaTransformer-1.8.3.jar. Expected hash: b7333555b0ed9c178895b8e6a53ab0f1bb9c602fbe0d355563fc5e17a39e0fb4fa439f68b8848852735b8f06cdee378f06ba6049523c9270d9683dd329a209f0
[22:42:27] [main/ERROR] [LaunchWrapper]: Unable to launch
java.lang.RuntimeException: An error occurred trying to configure the Minecraft home at /workspaces/pappuando/servidor_minecraft/. for Forge Mod Loader
	at net.minecraftforge.fml.relauncher.FMLLaunchHandler.setupHome(FMLLaunchHandler.java:111) ~[forge-1.12.2-14.23.5.2859.jar:?]
	at net.minecraftforge.fml.relauncher.FMLLaunchHandler.setupServer(FMLLaunchHandler.java:87) ~[forge-1.12.2-14.23.5.2859.jar:?]
	at net.minecraftforge.fml.relauncher.FMLLaunchHandler.configureForServerLaunch(FMLLaunchHandler.java:47) ~[forge-1.12.2-14.23.5.2859.jar:?]
	at net.minecraftforge.fml.common.launcher.FMLServerTweaker.injectIntoClassLoader(FMLServerTweaker.java:62) ~[forge-1.12.2-14.23.5.2859.jar:?]
	at net.minecraft.launchwrapper.Launch.launch(Launch.java:115) [launchwrapper-1.12.jar:?]
	at net.minecraft.launchwrapper.Launch.main(Launch.java:28) [launchwrapper-1.12.jar:?]
	at sun.reflect.NativeMethodAccessorImpl.invoke0(Native Method) ~[?:1.8.0_462]
	at sun.reflect.NativeMethodAccessorImpl.invoke(NativeMethodAccessorImpl.java:62) ~[?:1.8.0_462]
	at sun.reflect.DelegatingMethodAccessorImpl.invoke(DelegatingMethodAccessorImpl.java:43) ~[?:1.8.0_462]
	at java.lang.reflect.Method.invoke(Method.java:498) ~[?:1.8.0_462]
	at net.minecraftforge.fml.relauncher.ServerLaunchWrapper.run(ServerLaunchWrapper.java:70) [forge-1.12.2-14.23.5.2859.jar:?]
	at net.minecraftforge.fml.relauncher.ServerLaunchWrapper.main(ServerLaunchWrapper.java:34) [forge-1.12.2-14.23.5.2859.jar:?]
Caused by: java.io.FileNotFoundException
	at sun.reflect.NativeConstructorAccessorImpl.newInstance0(Native Method) ~[?:1.8.0_462]
	at sun.reflect.NativeConstructorAccessorImpl.newInstance(NativeConstructorAccessorImpl.java:62) ~[?:1.8.0_462]
	at sun.reflect.DelegatingConstructorAccessorImpl.newInstance(DelegatingConstructorAccessorImpl.java:45) ~[?:1.8.0_462]
	at java.lang.reflect.Constructor.newInstance(Constructor.java:423) ~[?:1.8.0_462]
	at java.util.concurrent.ForkJoinTask.getThrowableException(ForkJoinTask.java:598) ~[?:1.8.0_462]
	at java.util.concurrent.ForkJoinTask.reportException(ForkJoinTask.java:677) ~[?:1.8.0_462]
	at java.util.concurrent.ForkJoinTask.invoke(ForkJoinTask.java:735) ~[?:1.8.0_462]
	at java.util.stream.ForEachOps$ForEachOp.evaluateParallel(ForEachOps.java:159) ~[?:1.8.0_462]
	at java.util.stream.ForEachOps$ForEachOp$OfRef.evaluateParallel(ForEachOps.java:173) ~[?:1.8.0_462]
	at java.util.stream.AbstractPipeline.evaluate(AbstractPipeline.java:233) ~[?:1.8.0_462]
	at java.util.stream.ReferencePipeline.forEach(ReferencePipeline.java:485) ~[?:1.8.0_462]
	at java.util.stream.ReferencePipeline$Head.forEach(ReferencePipeline.java:650) ~[?:1.8.0_462]
	at org.minimallycorrect.libloader.LibLoaderChained.init(LibLoaderChained.java:68) ~[%23%20LibLoader.jar:0.1-SNAPSHOT+Jenkins-b39.git-83f5a19f50db8bf0700b1e9abc953bae1c3ae517]
	at org.minimallycorrect.libloader.LibLoader.launch(LibLoader.java:66) ~[%23%20LibLoader.jar:0.1-SNAPSHOT+Jenkins-b39.git-83f5a19f50db8bf0700b1e9abc953bae1c3ae517]
	at org.minimallycorrect.libloader.LibLoader.init(LibLoader.java:55) ~[%23%20LibLoader.jar:0.1-SNAPSHOT+Jenkins-b39.git-83f5a19f50db8bf0700b1e9abc953bae1c3ae517]
	at org.minimallycorrect.libloader.LibLoader.<init>(LibLoader.java:25) ~[%23%20LibLoader.jar:0.1-SNAPSHOT+Jenkins-b39.git-83f5a19f50db8bf0700b1e9abc953bae1c3ae517]
	at sun.reflect.NativeConstructorAccessorImpl.newInstance0(Native Method) ~[?:1.8.0_462]
	at sun.reflect.NativeConstructorAccessorImpl.newInstance(NativeConstructorAccessorImpl.java:62) ~[?:1.8.0_462]
	at sun.reflect.DelegatingConstructorAccessorImpl.newInstance(DelegatingConstructorAccessorImpl.java:45) ~[?:1.8.0_462]
	at java.lang.reflect.Constructor.newInstance(Constructor.java:423) ~[?:1.8.0_462]
	at java.lang.Class.newInstance(Class.java:442) ~[?:1.8.0_462]
	at net.minecraftforge.fml.relauncher.CoreModManager.loadCoreMod(CoreModManager.java:594) ~[forge-1.12.2-14.23.5.2859.jar:?]
	at net.minecraftforge.fml.relauncher.CoreModManager.discoverCoreMods(CoreModManager.java:451) ~[forge-1.12.2-14.23.5.2859.jar:?]
	at net.minecraftforge.fml.relauncher.CoreModManager.handleLaunch(CoreModManager.java:265) ~[forge-1.12.2-14.23.5.2859.jar:?]
	at net.minecraftforge.fml.relauncher.FMLLaunchHandler.setupHome(FMLLaunchHandler.java:107) ~[forge-1.12.2-14.23.5.2859.jar:?]
	... 11 more
Caused by: java.io.FileNotFoundException: https://repo1.maven.org/maven2/org/minimallycorrect/javatransformer/JavaTransformer/1.8.3/JavaTransformer-1.8.3.jar
	at sun.net.www.protocol.http.HttpURLConnection.getInputStream0(HttpURLConnection.java:1915) ~[?:1.8.0_462]
	at sun.net.www.protocol.http.HttpURLConnection.access$200(HttpURLConnection.java:94) ~[?:1.8.0_462]
	at sun.net.www.protocol.http.HttpURLConnection$9.run(HttpURLConnection.java:1509) ~[?:1.8.0_462]
	at sun.net.www.protocol.http.HttpURLConnection$9.run(HttpURLConnection.java:1507) ~[?:1.8.0_462]
	at java.security.AccessController.doPrivileged(Native Method) ~[?:1.8.0_462]
	at java.security.AccessController.doPrivilegedWithCombiner(AccessController.java:784) ~[?:1.8.0_462]
	at sun.net.www.protocol.http.HttpURLConnection.getInputStream(HttpURLConnection.java:1506) ~[?:1.8.0_462]
	at sun.net.www.protocol.https.HttpsURLConnectionImpl.getInputStream(HttpsURLConnectionImpl.java:268) ~[?:1.8.0_462]
	at org.minimallycorrect.libloader.LibLoaderChained$Library.openStream(LibLoaderChained.java:208) ~[%23%20LibLoader.jar:0.1-SNAPSHOT+Jenkins-b39.git-83f5a19f50db8bf0700b1e9abc953bae1c3ae517]
	at org.minimallycorrect.libloader.LibLoaderChained$Library.save(LibLoaderChained.java:258) ~[%23%20LibLoader.jar:0.1-SNAPSHOT+Jenkins-b39.git-83f5a19f50db8bf0700b1e9abc953bae1c3ae517]
	at org.minimallycorrect.libloader.LibLoaderChained.lambda$init$1(LibLoaderChained.java:68) ~[%23%20LibLoader.jar:0.1-SNAPSHOT+Jenkins-b39.git-83f5a19f50db8bf0700b1e9abc953bae1c3ae517]
	at java.util.stream.ForEachOps$ForEachOp$OfRef.accept(ForEachOps.java:183) ~[?:1.8.0_462]
	at java.util.concurrent.ConcurrentHashMap$ValueSpliterator.forEachRemaining(ConcurrentHashMap.java:3564) ~[?:1.8.0_462]
	at java.util.stream.AbstractPipeline.copyInto(AbstractPipeline.java:482) ~[?:1.8.0_462]
	at java.util.stream.ForEachOps$ForEachTask.compute(ForEachOps.java:290) ~[?:1.8.0_462]
	at java.util.concurrent.CountedCompleter.exec(CountedCompleter.java:731) ~[?:1.8.0_462]
	at java.util.concurrent.ForkJoinTask.doExec(ForkJoinTask.java:289) ~[?:1.8.0_462]
	at java.util.concurrent.ForkJoinPool$WorkQueue.execLocalTasks(ForkJoinPool.java:1040) ~[?:1.8.0_462]
	at java.util.concurrent.ForkJoinPool$WorkQueue.runTask(ForkJoinPool.java:1058) ~[?:1.8.0_462]
	at java.util.concurrent.ForkJoinPool.runWorker(ForkJoinPool.java:1692) ~[?:1.8.0_462]
	at java.util.concurrent.ForkJoinWorkerThread.run(ForkJoinWorkerThread.java:175) ~[?:1.8.0_462]
[22:42:27] [main/INFO] [STDERR]: [net.minecraftforge.fml.relauncher.ServerLaunchWrapper:main:34]: java.lang.reflect.InvocationTargetException
[22:42:27] [main/INFO] [STDERR]: [net.minecraftforge.fml.relauncher.ServerLaunchWrapper:main:34]: 	at sun.reflect.NativeMethodAccessorImpl.invoke0(Native Method)
[22:42:27] [main/INFO] [STDERR]: [net.minecraftforge.fml.relauncher.ServerLaunchWrapper:main:34]: 	at sun.reflect.NativeMethodAccessorImpl.invoke(NativeMethodAccessorImpl.java:62)
[22:42:27] [main/INFO] [STDERR]: [net.minecraftforge.fml.relauncher.ServerLaunchWrapper:main:34]: 	at sun.reflect.DelegatingMethodAccessorImpl.invoke(DelegatingMethodAccessorImpl.java:43)
[22:42:27] [main/INFO] [STDERR]: [net.minecraftforge.fml.relauncher.ServerLaunchWrapper:main:34]: 	at java.lang.reflect.Method.invoke(Method.java:498)
[22:42:27] [main/INFO] [STDERR]: [net.minecraftforge.fml.relauncher.ServerLaunchWrapper:main:34]: 	at net.minecraftforge.fml.relauncher.ServerLaunchWrapper.run(ServerLaunchWrapper.java:70)
[22:42:27] [main/INFO] [STDERR]: [net.minecraftforge.fml.relauncher.ServerLaunchWrapper:main:34]: 	at net.minecraftforge.fml.relauncher.ServerLaunchWrapper.main(ServerLaunchWrapper.java:34)
[22:42:27] [main/INFO] [STDERR]: [net.minecraftforge.fml.relauncher.ServerLaunchWrapper:run:75]: Caused by: net.minecraftforge.fml.relauncher.FMLSecurityManager$ExitTrappedException
[22:42:27] [main/INFO] [STDERR]: [net.minecraftforge.fml.relauncher.ServerLaunchWrapper:run:75]: 	at net.minecraftforge.fml.relauncher.FMLSecurityManager.checkPermission(FMLSecurityManager.java:49)
[22:42:27] [main/INFO] [STDERR]: [net.minecraftforge.fml.relauncher.ServerLaunchWrapper:run:75]: 	at java.lang.SecurityManager.checkExit(SecurityManager.java:761)
[22:42:27] [main/INFO] [STDERR]: [net.minecraftforge.fml.relauncher.ServerLaunchWrapper:run:75]: 	at java.lang.Runtime.exit(Runtime.java:101)
[22:42:27] [main/INFO] [STDERR]: [net.minecraftforge.fml.relauncher.ServerLaunchWrapper:run:75]: 	at java.lang.System.exit(System.java:987)
[22:42:27] [main/INFO] [STDERR]: [net.minecraftforge.fml.relauncher.ServerLaunchWrapper:run:75]: 	at net.minecraft.launchwrapper.Launch.launch(Launch.java:138)
[22:42:27] [main/INFO] [STDERR]: [net.minecraftforge.fml.relauncher.ServerLaunchWrapper:run:75]: 	at net.minecraft.launchwrapper.Launch.main(Launch.java:28)
[22:42:27] [main/INFO] [STDERR]: [net.minecraftforge.fml.relauncher.ServerLaunchWrapper:run:75]: 	... 6 more
